put_inode: 	im: put_inode 1
in extent_server:, the size of buf is:0the context:
5
the writing buf_c is:P
6
in extent_server:, the size of buf is:0the context:
5
the writing buf_c is:xtd·8‚F	
6
extent_server: get 1
	im: get_inode 1
im->read_file return size:0
extent_server: get 1
	im: get_inode 1
im->read_file return size:0
extent_server: create inode
put_inode: 	im: put_inode 2
extent_server: get 1
	im: get_inode 1
im->read_file return size:0
in extent_server:, the size of buf is:13the context:|^d28376^*2*|
5
the writing buf_c is:|^d28376^*2*|
	im: get_inode 1
put_inode: 	im: put_inode 1
6
extent_server: getattr 2
	im: get_inode 2
extent_server: getattr 2
	im: get_inode 2
extent_server: getattr 2
	im: get_inode 2
extent_server: get 1
	im: get_inode 1
im->read_file return size:13
************reading inode:1 ***buf assign:|^d28376^*2*|
extent_server: getattr 2
	im: get_inode 2
extent_server: getattr 2
	im: get_inode 2
extent_server: getattr 2
	im: get_inode 2
extent_server: get 1
	im: get_inode 1
im->read_file return size:13
************reading inode:1 ***buf assign:|^d28376^*2*|
extent_server: getattr 2
	im: get_inode 2
extent_server: getattr 2
	im: get_inode 2
extent_server: getattr 2
	im: get_inode 2
extent_server: get 2
	im: get_inode 2
im->read_file return size:0
extent_server: get 2
	im: get_inode 2
im->read_file return size:0
extent_server: create inode
put_inode: 	im: put_inode 3
extent_server: get 2
	im: get_inode 2
im->read_file return size:0
in extent_server:, the size of buf is:9the context:|^f1^*3*|
5
the writing buf_c is:|^f1^*3*|
	im: get_inode 2
put_inode: 	im: put_inode 2
6
extent_server: getattr 3
	im: get_inode 3
extent_server: getattr 3
	im: get_inode 3
extent_server: getattr 3
	im: get_inode 3
extent_server: get 3
	im: get_inode 3
im->read_file return size:0
in extent_server:, the size of buf is:3the context:aaa
5
the writing buf_c is:aaa
	im: get_inode 3
put_inode: 	im: put_inode 3
6
extent_server: get 1
	im: get_inode 1
im->read_file return size:13
************reading inode:1 ***buf assign:|^d28376^*2*|
extent_server: getattr 2
	im: get_inode 2
extent_server: getattr 2
	im: get_inode 2
extent_server: getattr 2
	im: get_inode 2
extent_server: get 2
	im: get_inode 2
im->read_file return size:9
************reading inode:2 ***buf assign:|^f1^*3*|
extent_server: getattr 3
	im: get_inode 3
extent_server: getattr 3
	im: get_inode 3
extent_server: getattr 3
	im: get_inode 3
extent_server: getattr 3
	im: get_inode 3
extent_server: getattr 3
	im: get_inode 3
extent_server: getattr 3
	im: get_inode 3
extent_server: get 3
	im: get_inode 3
im->read_file return size:3
************reading inode:3 ***buf assign:aaa
