3
trace what cause the call fail
the eid:1
the buf:
the r
in extent_client::put, the buf size is:0
4
FUSE library version: 2.9.0
unique: 1, opcode: INIT (26), nodeid: 0, insize: 56, pid: 0
INIT: 7.20
flags=0x000017fb
max_readahead=0x00020000
   INIT: 7.18
   flags=0x00000000
   max_readahead=0x00020000
   max_write=0x00020000
   max_background=0
   congestion_threshold=0
   unique: 1, success, outsize: 40
unique: 2, opcode: LOOKUP (1), nodeid: 1, insize: 47, pid: 28376
------------------------in fuseserver_lookup
   unique: 2, success, outsize: 144
-----------------------------reply in lookup
unique: 3, opcode: MKDIR (9), nodeid: 1, insize: 55, pid: 28376
-----------------------in fuseserver_createhelper
require lock:1
in yfs_client::create:, holding lock:1
3
trace what cause the call fail
the eid:1
the buf:|^d28376^*2*|
the r
in extent_client::put, the buf size is:13
4
releasing the lock:1
isfile: 2 is a dir
getattr 0000000000000002 0
isfile: 2 is a dir
getdir 0000000000000002
   getattr -> 1389101403 1389101403 1389101403
---------------------return createhelper OK
   unique: 3, success, outsize: 144
unique: 4, opcode: LOOKUP (1), nodeid: 1, insize: 47, pid: 28376
------------------------in fuseserver_lookup
isfile: 2 is a dir
getattr 0000000000000002 0
isfile: 2 is a dir
getdir 0000000000000002
   getattr -> 1389101403 1389101403 1389101403
   unique: 4, success, outsize: 144
-----------------------------reply in lookup
unique: 5, opcode: LOOKUP (1), nodeid: 2, insize: 43, pid: 28376
------------------------in fuseserver_lookup
   unique: 5, success, outsize: 144
-----------------------------reply in lookup
unique: 6, opcode: CREATE (35), nodeid: 2, insize: 59, pid: 28376
---------------------------in fuseserver_create
-----------------------in fuseserver_createhelper
require lock:2
in yfs_client::create:, holding lock:2
3
trace what cause the call fail
the eid:2
the buf:|^f1^*3*|
the r
in extent_client::put, the buf size is:9
4
releasing the lock:2
isfile: 3 is a file
getattr 0000000000000003 1
isfile: 3 is a file
getfile 0000000000000003
getfile 0000000000000003 -> sz 0
   getattr -> 0
---------------------return createhelper OK
   unique: 6, success, outsize: 160
OK: create returns.
unique: 7, opcode: GETXATTR (22), nodeid: 3, insize: 68, pid: 28376
   unique: 7, error: -38 (Function not implemented), outsize: 16
unique: 8, opcode: WRITE (16), nodeid: 3, insize: 83, pid: 28376
---------------------in fuseserver_write

require lock:3
in yfs_client::write, holding the lock:3
3
trace what cause the call fail
the eid:3
the buf:aaa
the r
in extent_client::put, the buf size is:3
4
releasing the lock:3
   unique: 8, success, outsize: 24
---------------------end fuseserver_write
unique: 9, opcode: FLUSH (25), nodeid: 3, insize: 64, pid: 28376
   unique: 9, error: -38 (Function not implemented), outsize: 16
unique: 10, opcode: RELEASE (18), nodeid: 3, insize: 64, pid: 0
   unique: 10, success, outsize: 16
