3
trace what cause the call fail
the eid:1
the buf:
the r
in extent_client::put, the buf size is:0
4
FUSE library version: 2.9.0
unique: 1, opcode: INIT (26), nodeid: 0, insize: 56, pid: 0
INIT: 7.20
flags=0x000017fb
max_readahead=0x00020000
   INIT: 7.18
   flags=0x00000000
   max_readahead=0x00020000
   max_write=0x00020000
   max_background=0
   congestion_threshold=0
   unique: 1, success, outsize: 40
unique: 2, opcode: LOOKUP (1), nodeid: 1, insize: 47, pid: 28376
------------------------in fuseserver_lookup
isfile: 2 is a dir
getattr 0000000000000002 0
isfile: 2 is a dir
getdir 0000000000000002
   getattr -> 1389101403 1389101403 1389101403
   unique: 2, success, outsize: 144
-----------------------------reply in lookup
unique: 3, opcode: ACCESS (34), nodeid: 2, insize: 48, pid: 28376
   unique: 3, error: -38 (Function not implemented), outsize: 16
unique: 4, opcode: LOOKUP (1), nodeid: 1, insize: 47, pid: 28376
------------------------in fuseserver_lookup
isfile: 2 is a dir
getattr 0000000000000002 0
isfile: 2 is a dir
getdir 0000000000000002
   getattr -> 1389101403 1389101404 1389101404
   unique: 4, success, outsize: 144
-----------------------------reply in lookup
unique: 5, opcode: LOOKUP (1), nodeid: 2, insize: 43, pid: 28376
------------------------in fuseserver_lookup
isfile: 3 is a file
getattr 0000000000000003 1
isfile: 3 is a file
getfile 0000000000000003
getfile 0000000000000003 -> sz 3
   getattr -> 3
   unique: 5, success, outsize: 144
-----------------------------reply in lookup
unique: 6, opcode: OPEN (14), nodeid: 3, insize: 48, pid: 28376
   unique: 6, success, outsize: 32
unique: 7, opcode: GETATTR (3), nodeid: 3, insize: 56, pid: 28376
----------------------in fuseserver_getattr
isfile: 3 is a file
getattr 0000000000000003 1
isfile: 3 is a file
getfile 0000000000000003
getfile 0000000000000003 -> sz 3
   getattr -> 3
----------------------end fuseserver_getattr
   unique: 7, success, outsize: 120
unique: 8, opcode: READ (15), nodeid: 3, insize: 80, pid: 28376
------------------------fuseserver_read
require lock:3
in yfs_client::read, holding the lock:3
releasing the lock:3
